Program		real	user	system
Test: Compress file generated from /dev/zero (zip-zero)
  fuse-zip	0.66	0.00	0.04

Test: Uncompress file generated from /dev/zero (unzip-zero)
  fuse-zip	0.21	0.00	0.02

Test: Compress file generated from /dev/urandom (zip-urandom)
  fuse-zip	1.68	0.00	0.10

Test: Uncompress file generated from /dev/urandom (unzip-urandom)
  fuse-zip	0.23	0.00	0.11

Test: Compress files generated from /dev/{urandom,zero} (zip-mixed)
  fuse-zip	3.02	0.06	0.14

Test: Uncompress files generated from /dev/{urandom,zero} (unzip-mixed)
  fuse-zip	0.42	0.00	0.09

Test: Extract one file from archive with many files (extract-one-1)
  fuse-zip	0.03	0.00	0.01

Test: Extract one file from big archive (extract-one-2)
  fuse-zip	0.03	0.00	0.01

Test: Add small file to small archive (add-small-small)
  fuse-zip	0.05	0.00	0.01

Test: Add small file to big archive (add-small-big)
  fuse-zip	0.63	0.01	0.06

Test: Add big file to small archive (add-big-small)
  fuse-zip	0.05	0.00	0.01

Test: Add big file to big archive (add-big-big)
  fuse-zip	0.63	0.01	0.05

Test: Compress linux kernel sources (zip-linuxsrc)
  fuse-zip	107.64	1.18	4.14

Test: Uncompress linux kernel sources (unzip-linuxsrc)
  fuse-zip	10.11	0.39	3.03

